 [1;35m______________________________________________________________________________This script that will audit your workstation__________________________________________________________________________________

[1;31m  Uptime:  [1;30m 

 22:08:34 up  5:45,  1 user,  load average: 0,38, 0,49, 0,60

[1;31m Current users:  [1;30m 

dyakiv

[1;31m  Recent logins:  [1;30m 

dyakiv   :0           :0               Thu Mar 25 16:24   still logged in
reboot   system boot  5.8.0-45-generic Thu Mar 25 16:23   still running
dyakiv   :0           :0               Thu Mar 25 14:31 - crash  (01:52)
reboot   system boot  5.8.0-45-generic Thu Mar 25 14:29   still running
dyakiv   :0           :0               Thu Mar 25 14:24 - down   (00:01)
reboot   system boot  5.8.0-45-generic Thu Mar 25 14:23 - 14:26  (00:03)
dyakiv   :0           :0               Thu Mar 25 14:15 - down   (00:06)
reboot   system boot  5.8.0-45-generic Thu Mar 25 14:14 - 14:22  (00:07)
dyakiv   :0           :0               Thu Mar 25 14:11 - down   (00:01)
reboot   system boot  5.8.0-45-generic Thu Mar 25 14:10 - 14:13  (00:02)
dyakiv   :0           :0               Thu Mar 25 14:01 - down   (00:01)
reboot   system boot  5.8.0-45-generic Thu Mar 25 13:59 - 14:02  (00:02)
dyakiv   :0           :0               Thu Mar 25 13:12 - down   (00:43)
reboot   system boot  5.8.0-45-generic Thu Mar 25 13:11 - 13:56  (00:44)
dyakiv   :0           :0               Thu Mar 25 08:33 - down   (00:40)
reboot   system boot  5.8.0-45-generic Thu Mar 25 08:31 - 09:13  (00:42)
dyakiv   :0           :0               Wed Mar 24 08:07 - down   (17:01)
reboot   system boot  5.8.0-45-generic Wed Mar 24 08:05 - 01:08  (17:03)

wtmp розпочинає Sun Feb 14 13:25:40 2021

[1;31m  TOP-10 processes by RAM/CPU usage:  [1;30m 

    PID    PPID CMD                         %MEM %CPU
   7641    1686 telegram-desktop --         10.0  3.7
   2094    1436 /usr/lib/firefox/firefox -n  9.5  5.8
   3752    2094 /usr/lib/firefox/firefox -c  7.6  0.9
   3510    2094 /usr/lib/firefox/firefox -c  7.1  0.8
   3546    2094 /usr/lib/firefox/firefox -c  5.2  1.5
   1686    1436 /usr/bin/gnome-shell         5.1  6.2
   2283    2094 /usr/lib/firefox/firefox -c  5.0  0.4
   8717    2094 /usr/lib/firefox/firefox -c  4.9  0.8
   6181    2094 /usr/lib/firefox/firefox -c  4.7  0.8
   2344    2094 /usr/lib/firefox/firefox -c  4.5  3.4

[1;31m Open TCP/UDP ports :  [1;30m 

Netid State  Recv-Q Send-Q Local Address:Port  Peer Address:PortProcess         
udp   UNCONN 0      0      127.0.0.53%lo:53         0.0.0.0:*                   
udp   UNCONN 0      0            0.0.0.0:35358      0.0.0.0:*                   
udp   UNCONN 0      0            0.0.0.0:631        0.0.0.0:*                   
udp   UNCONN 0      0            0.0.0.0:5353       0.0.0.0:*                   
udp   UNCONN 0      0               [::]:56963         [::]:*                   
udp   UNCONN 0      0               [::]:5353          [::]:*                   
tcp   LISTEN 0      4096   127.0.0.53%lo:53         0.0.0.0:*   
	 cubic cwnd:10
tcp   LISTEN 0      5          127.0.0.1:631        0.0.0.0:*   
	 cubic cwnd:10
tcp   LISTEN 0      5              [::1]:631           [::]:*   
	 cubic cwnd:10

[1;31m  Virtual Memory usage:  [1;30m 

проц  -----------пам’ять--------- ---своп-- ----в/в---- -система- ----процесор---
 r  b   swpd   free   buff кеш   si   so    bi    bo   in   cs us sy id wa st
 2  0 541644 395680  28256 963844    3   13    71    46  464  173 15  7 78  1  0

[1;31m  Usage of disk space:  [1;30m 

Ф. система     1024-блоків      Вик  Доступно Всього змонтований на
udev               1899184        0   1899184     0% /dev
tmpfs               385748     1888    383860     1% /run
/dev/sda6        228757892 31842032 185225876    15% /
tmpfs              1928736        0   1928736     0% /dev/shm
tmpfs                 5120        4      5116     1% /run/lock
tmpfs              1928736        0   1928736     0% /sys/fs/cgroup
/dev/loop1          101632   101632         0   100% /snap/core/10908
/dev/loop0          101632   101632         0   100% /snap/core/10859
/dev/loop2           56320    56320         0   100% /snap/core18/1880
/dev/loop5           77568    77568         0   100% /snap/discord/121
/dev/loop3           56832    56832         0   100% /snap/core18/1988
/dev/loop8          261760   261760         0   100% /snap/gnome-3-34-1804/36
/dev/loop7          166784   166784         0   100% /snap/gnome-3-28-1804/145
/dev/loop4           63232    63232         0   100% /snap/core20/904
/dev/loop6           78592    78592         0   100% /snap/discord/122
/dev/loop9          224256   224256         0   100% /snap/gnome-3-34-1804/66
/dev/loop11          66432    66432         0   100% /snap/gtk-common-themes/1514
/dev/loop10          63616    63616         0   100% /snap/gtk-common-themes/1506
/dev/loop12         149120   149120         0   100% /snap/slack/37
/dev/loop13          51072    51072         0   100% /snap/snap-store/467
/dev/loop14          52352    52352         0   100% /snap/snap-store/518
/dev/loop15          33152    33152         0   100% /snap/snapd/11107
/dev/loop17         278656   278656         0   100% /snap/telegram-desktop/2480
/dev/loop18         278784   278784         0   100% /snap/telegram-desktop/2551
/dev/loop16          33152    33152         0   100% /snap/snapd/11402
/dev/sda1           265700    61472    204228    24% /boot/efi
tmpfs               385744       88    385656     1% /run/user/1000

 [1;35m_______________________________________________________________________________________________________The_End_________________________________________________________________________________
